Build started 11/6/2019 10:20:40 PM.
     1>Project "C:\Users\lsall\rep\rep_2010\repTests\repTests.vcxproj" on node 3 (build target(s)).
     1>InitializeBuildStatus:
         Touching "x64\Release\repTests.unsuccessfulbuild".
       ClCompile:
         c:\Program Files (x86)\Microsoft Visual Studio 10.0\VC\bin\x86_amd64\CL.exe /c /IC:\Users\lsall\rep\rep_2010\..\external\googletest_2010\include /Zi /nologo /W3 /WX- /O2 /Oi /GL /D _MBCS /Gm- /EHsc /MT /GS /Gy /fp:precise /Zc:wchar_t /Zc:forScope /Fo"x64\Release\\" /Fd"x64\Release\vc100.pdb" /Gd /TP /errorReport:prompt ..\..\src\test\cpp\Main.cpp ..\..\src\test\cpp\ParsingTests.cpp ..\..\src\test\cpp\RunCyclesTests.cpp
         Main.cpp
         ParsingTests.cpp
         RunCyclesTests.cpp
       Link:
         c:\Program Files (x86)\Microsoft Visual Studio 10.0\VC\bin\x86_amd64\link.exe /ERRORREPORT:PROMPT /OUT:"C:\Users\lsall\rep\rep_2010\\repTests\x64\Release\repTests.exe" /NOLOGO /LIBPATH:C:\Users\lsall\rep\rep_2010\\repTests\x64\Release\ /LIBPATH:C:\Users\lsall\rep\rep_2010\..\external\googleTestBuild_2010\Release /LIBPATH:C:\Users\lsall\rep\rep_2010\..\external\datap_2010 gtest.lib datap.obj rep.obj kernel32.lib user32.lib gdi32.lib winspool.lib comdlg32.lib advapi32.lib shell32.lib ole32.lib oleaut32.lib uuid.lib odbc32.lib odbccp32.lib kernel32.lib user32.lib gdi32.lib winspool.lib comdlg32.lib advapi32.lib shell32.lib ole32.lib oleaut32.lib uuid.lib odbc32.lib odbccp32.lib /MANIFEST /ManifestFile:"x64\Release\repTests.exe.intermediate.manifest" /MANIFESTUAC:"level='asInvoker' uiAccess='false'" /DEBUG /PDB:"C:\Users\lsall\rep\rep_2010\repTests\x64\Release\repTests.pdb" /LARGEADDRESSAWARE /OPT:REF /OPT:ICF /LTCG /TLBID:1 /DYNAMICBASE /NXCOMPAT /IMPLIB:"C:\Users\lsall\rep\rep_2010\\repTests\x64\Release\repTests.lib" /MACHINE:X64 x64\Release\Main.obj
         x64\Release\ParsingTests.obj
         x64\Release\RunCyclesTests.obj
     1>rep.obj : error LNK2001: unresolved external symbol __imp_hasMatch
     1>C:\Users\lsall\rep\rep_2010\\repTests\x64\Release\repTests.exe : fatal error LNK1120: 1 unresolved externals
     1>Done Building Project "C:\Users\lsall\rep\rep_2010\repTests\repTests.vcxproj" (build target(s)) -- FAILED.

Build FAILED.

Time Elapsed 00:00:04.21
